[10:36:15] 2121 (ad7958e4-76d9-37a8-84f4-8c67e317b595): 122
[11:38:05] Manteecora (3d5adfea-d973-37c0-bcdc-a42c34be5b7b): asd
[11:43:37] Prostoy_Neprost (095f7954-6e4f-375b-8065-159a252b036c): 1
[11:43:50] Prostoy_Neprost (095f7954-6e4f-375b-8065-159a252b036c): 1
[11:43:52] Prostoy_Neprost (095f7954-6e4f-375b-8065-159a252b036c): 2
[11:43:54] 2121 (ad7958e4-76d9-37a8-84f4-8c67e317b595): E
[11:44:14] Prostoy_Neprost (095f7954-6e4f-375b-8065-159a252b036c): !
[11:44:17] Prostoy_Neprost (095f7954-6e4f-375b-8065-159a252b036c): !
[11:44:20] Prostoy_Neprost (095f7954-6e4f-375b-8065-159a252b036c): 2
[11:45:31] Prostoy_Neprost (095f7954-6e4f-375b-8065-159a252b036c): 123
[11:45:34] Prostoy_Neprost (095f7954-6e4f-375b-8065-159a252b036c): 2
[11:54:38] Manteecora (3d5adfea-d973-37c0-bcdc-a42c34be5b7b): dsa
[11:55:27] 2121 (ad7958e4-76d9-37a8-84f4-8c67e317b595): 231
[11:56:06] 2121 (ad7958e4-76d9-37a8-84f4-8c67e317b595): EROFUS
[11:56:13] 2121 (ad7958e4-76d9-37a8-84f4-8c67e317b595): 32313
[11:56:36] 2121 (ad7958e4-76d9-37a8-84f4-8c67e317b595): 231
[11:57:04] 2121 (ad7958e4-76d9-37a8-84f4-8c67e317b595): 32
[11:57:08] Prostoy_Neprost (095f7954-6e4f-375b-8065-159a252b036c): 1
[11:57:10] Prostoy_Neprost (095f7954-6e4f-375b-8065-159a252b036c): 2
[11:57:11] Prostoy_Neprost (095f7954-6e4f-375b-8065-159a252b036c): 1
[11:57:24] 2121 (ad7958e4-76d9-37a8-84f4-8c67e317b595): 223
[11:57:35] 2121 (ad7958e4-76d9-37a8-84f4-8c67e317b595): EWE
[11:57:45] Prostoy_Neprost (095f7954-6e4f-375b-8065-159a252b036c): 1
[11:58:22] Manteecora (3d5adfea-d973-37c0-bcdc-a42c34be5b7b): sda
[11:59:02] Manteecora (3d5adfea-d973-37c0-bcdc-a42c34be5b7b): sad
[12:00:20] Prostoy_Neprost (095f7954-6e4f-375b-8065-159a252b036c): 1
[12:00:22] Prostoy_Neprost (095f7954-6e4f-375b-8065-159a252b036c): 1
[12:00:23] 2121 (ad7958e4-76d9-37a8-84f4-8c67e317b595): 2
[12:00:50] 2121 (ad7958e4-76d9-37a8-84f4-8c67e317b595): hfcwdtnfkb z,kjrb b uheib
[12:03:23] Manteecora (3d5adfea-d973-37c0-bcdc-a42c34be5b7b): g
[12:05:47] Prostoy_Neprost (095f7954-6e4f-375b-8065-159a252b036c): /g create 2
[12:05:50] Prostoy_Neprost (095f7954-6e4f-375b-8065-159a252b036c): /g confirm
[12:12:50] Prostoy_Neprost (095f7954-6e4f-375b-8065-159a252b036c): ./papi
[12:42:26] Prostoy_Neprost (095f7954-6e4f-375b-8065-159a252b036c): ebal
[12:45:19] Manteecora (3d5adfea-d973-37c0-bcdc-a42c34be5b7b): 15
[12:45:54] Manteecora (3d5adfea-d973-37c0-bcdc-a42c34be5b7b): 11
[12:46:17] Manteecora (3d5adfea-d973-37c0-bcdc-a42c34be5b7b): 360
[12:46:42] Manteecora (3d5adfea-d973-37c0-bcdc-a42c34be5b7b): 1
[12:46:57] Manteecora (3d5adfea-d973-37c0-bcdc-a42c34be5b7b): none
[12:47:50] Manteecora (3d5adfea-d973-37c0-bcdc-a42c34be5b7b): Еда
[12:48:31] Manteecora (3d5adfea-d973-37c0-bcdc-a42c34be5b7b): Едааааа
[12:48:44] Manteecora (3d5adfea-d973-37c0-bcdc-a42c34be5b7b): Покушай голодающий
[12:49:14] Manteecora (3d5adfea-d973-37c0-bcdc-a42c34be5b7b): 720
[12:52:48] Manteecora (3d5adfea-d973-37c0-bcdc-a42c34be5b7b): vip
[12:55:56] Prostoy_Neprost (095f7954-6e4f-375b-8065-159a252b036c): 1
[12:55:57] Prostoy_Neprost (095f7954-6e4f-375b-8065-159a252b036c): 1
[12:58:14] Prostoy_Neprost (095f7954-6e4f-375b-8065-159a252b036c): !
[12:58:27] Prostoy_Neprost (095f7954-6e4f-375b-8065-159a252b036c): хуй
[13:01:09] Prostoy_Neprost (095f7954-6e4f-375b-8065-159a252b036c): 1
