[08/22/2022 18:06:26]:           __             _       
[08/22/2022 18:06:26]:   _ __   / /  ___   __ _(_)_ __  
[08/22/2022 18:06:26]:  | '_ \ / /  / _ \ / _` | | '_ \ 
[08/22/2022 18:06:26]:  | | | / /__| (_) | (_| | | | | |
[08/22/2022 18:06:26]:  |_| |_\____/\___/ \__, |_|_| |_|
[08/22/2022 18:06:26]:                   |___/            
[08/22/2022 18:06:26]:  By: www.nickuc.com - V 10.1.2 DEVELOPMENT
[08/22/2022 18:06:26]: 
[08/22/2022 18:06:26]: §3[nLogin] [DEBUG] Detecting hardware and software configurations...
[08/22/2022 18:06:26]: §3[nLogin] [DEBUG] The config.yml file was created successfully.
[08/22/2022 18:06:26]: §3[nLogin] [DEBUG] The messages_br.yml message file was created successfully.
[08/22/2022 18:06:26]: §3[nLogin] [DEBUG] The messages_en.yml message file was created successfully.
[08/22/2022 18:06:26]: §3[nLogin] [DEBUG] The messages_es.yml message file was created successfully.
[08/22/2022 18:06:26]: §3[nLogin] [DEBUG] The messages_pl.yml message file was created successfully.
[08/22/2022 18:06:26]: §3[nLogin] [DEBUG] The messages_ru.yml message file was created successfully.
[08/22/2022 18:06:27]: §3[nLogin] [DEBUG] The messages_fr.yml message file was created successfully.
[08/22/2022 18:06:27]: §3[nLogin] [DEBUG] The messages_lt.yml message file was created successfully.
[08/22/2022 18:06:27]: §3[nLogin] [DEBUG] The messages_de.yml message file was created successfully.
[08/22/2022 18:06:27]: §3[nLogin] [DEBUG] The messages_tr.yml message file was created successfully.
[08/22/2022 18:06:27]: §3[nLogin] [DEBUG] The messages_hu.yml message file was created successfully.
[08/22/2022 18:06:27]: §3[nLogin] [DEBUG] The messages_cn.yml message file was created successfully.
[08/22/2022 18:06:27]: §3[nLogin] [DEBUG] The messages_cz.yml message file was created successfully.
[08/22/2022 18:06:27]: §3[nLogin] [DEBUG] The messages_ro.yml message file was created successfully.
[08/22/2022 18:06:30]: §3[nLogin] [DEBUG] All settings were loaded in 3461 ms.
[08/22/2022 18:06:30]: §3[nLogin] [DEBUG] Loading the messages_ru.yml message file...
[08/22/2022 18:06:30]: §3[nLogin] [DEBUG] All plugin messages were loaded in 53 ms (languageByClient=false).
[08/22/2022 18:06:30]: §3[nLogin] [DEBUG] All proxy settings were loaded in 1 ms.
[08/22/2022 18:06:30]: §3[nLogin] [DEBUG] Starting logger filter...
[08/22/2022 18:06:30]: §3[nLogin] [DEBUG] Loading database...
[08/22/2022 18:06:30]: §3[nLogin] [DEBUG] A plugin conversion is available.
[08/22/2022 18:06:30]: [nLogin] Starting the OpeNLogin conversion...
[08/22/2022 18:06:31]: §e[nLogin] [WARN] Initializing the OpeNLogin conversion
[08/22/2022 18:06:31]: §e[nLogin] [WARN] Please do not shut down your server.
[08/22/2022 18:06:31]: [nLogin] OpeNLogin data has been successfully converted.
[08/22/2022 18:06:31]: [nLogin] No users have been converted ~ 0.11s
[08/22/2022 18:06:31]: [nLogin] nLogin was loaded in 4452ms.
[08/22/2022 18:06:47]: §3[nLogin] [DEBUG] [SQLite] [UPDATE]: "INSERT INTO `nlogin` (`name`, `realname`, `uniqueId`, `premiumId`, `premium`, `password`, `address`, `regdate`, `lastlogin`, `email`, `twitter`, `discord`, `settings`) VALUES ('manteecora', 'Manteecora', 3d5adfead97337c0bcdca42c34be5b7b, null, -1, null, '127.0.0.1', '1970-01-01 04:00:00.0', '1970-01-01 04:00:00.0', null, null, null, null)"
[08/22/2022 18:06:50]: [nLogin] 
[08/22/2022 18:06:50]: [nLogin]  Thank you so much for choosing nLogin! <3
[08/22/2022 18:06:50]: [nLogin] 
[08/22/2022 18:06:50]: [nLogin]  For your safety, please read the message below:
[08/22/2022 18:06:50]: [nLogin]   Never download nLogin from unknown sources.
[08/22/2022 18:06:50]: [nLogin]   A modified version may contain malicious software.
[08/22/2022 18:06:50]: [nLogin] 
[08/22/2022 18:06:50]: [nLogin]  Trusted sources:
[08/22/2022 18:06:50]: [nLogin]   www.nickuc.com
[08/22/2022 18:06:50]: [nLogin]   www.github.com/nickuc
[08/22/2022 18:06:50]: [nLogin]   OpeNLogin installer (from Spigot or GitHub)
[08/22/2022 18:06:50]: [nLogin] 
[08/22/2022 18:06:50]: [nLogin]  Official support channels:
[08/22/2022 18:06:50]: [nLogin]   Discord group: www.nickuc.com/discord
[08/22/2022 18:06:50]: [nLogin]   Documentation: docs.nickuc.com/nlogin
[08/22/2022 18:06:50]: [nLogin]   Email: support@nickuc.com
[08/22/2022 18:06:50]: [nLogin]   YouTube: youtube.com/nickuc
[08/22/2022 18:06:50]: [nLogin]   VK: www.nickuc.com/vk
[08/22/2022 18:06:50]: [nLogin] 
[08/22/2022 18:07:02]: §3[nLogin] [DEBUG] [SQLite] [UPDATE]: "UPDATE `nlogin` SET `realname` = 'Manteecora', `uniqueId` = 3d5adfead97337c0bcdca42c34be5b7b,  `premiumId` = null,  `premium` = -1,  `password` = '$SHA512$fc71505f221d92b1b5383dffc50f087f56acba170a479b8fef0fd7ef5e65c5df78c3a2001771012ef225680d1aea4ff8fa87893cd7213b41220aade5002734d3$BJeFXCcIRWOcTXXDgHzdRMpf', `address` = '127.0.0.1', `regdate` = 2022-08-22 18:07:02.284, `lastlogin` = 2022-08-22 18:07:02.284, `email` = null, `twitter` = null, `discord` = null, `settings` = '{"settings":[{"value":"SNnMT4Op9SDIzTtUh4aXxK7N8gmVmSDetFShqRECdJavCN5AAiSeq3iHubwYIACF4fQI0v3UGH8W3XA6zKF8Efvf2Retw21v/oh4HmG66uyGAi/Dr/VfTX/ZyREB9MzLe74tdk3sCz92FiEdN7uTpA67FF3BYaaXnbMupyid/LYEh6jW0flJl0shp77amcJJu5mmZAH1zEVnEl/oRp1IHZ2P20AVrHGMZhstfDgJE1d4pgqswWx9sToMtU3XqcL1vuuueXx0jsNDQ3BsYei+KlPtgSgD7tGWljEjR7DCyMnsEdsQGJkwoMwN5E9dvAH+UEDLmDDus1deb6y1O+4nCn+3f4BiKBZhZ34yIh+gTC/ujLKf/Fk7TVbm5rNtn6lvrnOB8CAzYZ8VjEb8xcxDyBg75jK0+8CPbaTvHW4xX5DfUc/9QAhUQaMZE8G13Gb0ZOG2ayPhUa/60ri2tt43AIutcU5Jz2fMYsu0Ot5lNECz7BPqCAtHNUqCJarkP0p88VpwahJCtKaOC908JJI8T1pNbO5AXKHxFSY15KbZzMQ5QMUYaopAO+dVJvnXRxdTWF/ISzTS7Wj0ys+EmMvUcm9jV5KRRTd0757fsUFm7vi28eLVISMXUajIXlhF0ijeKp/In0yJP4tnGJPCSKO0KFl9+VX8TrYGmiyXg1tJwzU=:ZW5XFkXkehrzb1L1gKZtJWq/ekC2GGlCgqBDJlWDqKfbEvETpW5DgtzafFpkzTkt6Bk=","key":"encrypted"}],"version":0}' WHERE `id` = 1"
[08/22/2022 18:07:02]: [nLogin] The user Manteecora has successfully registered.
