[08/24/2022 17:02:18]:           __             _       
[08/24/2022 17:02:18]:   _ __   / /  ___   __ _(_)_ __  
[08/24/2022 17:02:18]:  | '_ \ / /  / _ \ / _` | | '_ \ 
[08/24/2022 17:02:18]:  | | | / /__| (_) | (_| | | | | |
[08/24/2022 17:02:18]:  |_| |_\____/\___/ \__, |_|_| |_|
[08/24/2022 17:02:18]:                   |___/            
[08/24/2022 17:02:18]:  By: www.nickuc.com - V 10.1.2 DEVELOPMENT
[08/24/2022 17:02:18]: 
[08/24/2022 17:02:18]: §3[nLogin] [DEBUG] Detecting hardware and software configurations...
[08/24/2022 17:02:18]: §3[nLogin] [DEBUG] All settings were loaded in 133 ms.
[08/24/2022 17:02:18]: §3[nLogin] [DEBUG] Loading the messages_ru.yml message file...
[08/24/2022 17:02:18]: §3[nLogin] [DEBUG] All plugin messages were loaded in 57 ms (languageByClient=false).
[08/24/2022 17:02:18]: §3[nLogin] [DEBUG] All proxy settings were loaded in 1 ms.
[08/24/2022 17:02:18]: §3[nLogin] [DEBUG] Starting logger filter...
[08/24/2022 17:02:18]: §3[nLogin] [DEBUG] Loading database...
[08/24/2022 17:02:19]: [nLogin] nLogin was loaded in 971ms.
[08/24/2022 17:04:56]: §3[nLogin] [DEBUG] [SQLite] [UPDATE]: "UPDATE `nlogin` SET `realname` = '2121', `uniqueId` = ad7958e476d937a884f48c67e317b595,  `premiumId` = null,  `premium` = -1,  `password` = '$SHA512$a580eb03557f4ff692b79621f37143265927fb12aafa79a2697f22d45b3bd6ad1a4d1951379c3060fbe69ab1c531a82001316bd103f2c9db31a64db85bf961d3$PPsdOPazgPeMYjSEvhtjazSw', `address` = '26.179.133.236', `regdate` = 2022-08-23 17:22:23.376, `lastlogin` = 2022-08-24 17:04:56.059, `email` = null, `twitter` = null, `discord` = null, `settings` = '{"settings":[{"value":"CgsMHR7ak01zJAQTpdCJ0eSPb5c2nyKNSG6ojHtMLUlDdGGTQVDz0B9A3OQhrUlP1SUSxHJOeHQ+61WzArzy6xI4SJbzpLYHfPO3z9VL0OXRValE7j8+cUD7PN0U5jPcpHzbRE6vLMUV3pkM7fioL7JmMzavNkVo9NdExyC3Nu1jt+8znZk3f18mGiI7ut7PWDH2EqRmTzLIgKA0H6g3HpSfgY/CrRgqAIsxF/vNyqkc5VgXdP1mDLiChE6X4bU6YorZK615aEsfNc8lbWB6qlHF4Hm3lcPSHqaTKm61xRkl/w9INRKfk8c1d7kO9aKCBBzlWyvQsuZchKr5LX0MknGehew82QH2ODRcySS4L4mU3uXkJrxoN8ZD9T8kzycI8SqqbNty6InqmZ8/YTM/3Tfx5McWDA9DIJkN+iHg0kHcGAIWSm1BOio32unh9aw1NInqchiUx27iC869+AknMQk+l006vkT9gz91NX6MwaOOTdNwxGfFELnbR9AWj6yAmOgzJYwWqRmADvnTj91d9n8Gp87iRxfC36n21jhXPpSjxNuZ353xwuRj+nYY7sqsGaLxZa8fp+8OGzQoqDbcmljpB0+PiZiS07bl6zk/NlNfNSuqmXHSg46s9PWjR9N3GaVMfxzgc3wzrhsPUzbzzc3EfJI5aTqAD0mNBT5nnpE=:9u86OR64OL05A7RjFelus/4+MysLzC4WuEmvy4fDh3qvxR9woSXeiO1ZbnJt0Wi20M9MMS/C","key":"encrypted"}],"version":0}' WHERE `id` = 3"
[08/24/2022 17:04:56]: [nLogin] The user 2121 has successfully logged in.
[08/24/2022 17:26:17]: §3[nLogin] [DEBUG] [SQLite] [UPDATE]: "UPDATE `nlogin` SET `realname` = 'Manteecora', `uniqueId` = 3d5adfead97337c0bcdca42c34be5b7b,  `premiumId` = null,  `premium` = -1,  `password` = '$SHA512$fc71505f221d92b1b5383dffc50f087f56acba170a479b8fef0fd7ef5e65c5df78c3a2001771012ef225680d1aea4ff8fa87893cd7213b41220aade5002734d3$BJeFXCcIRWOcTXXDgHzdRMpf', `address` = '26.119.135.221', `regdate` = 2022-08-22 18:07:02.284, `lastlogin` = 2022-08-24 17:26:17.166, `email` = null, `twitter` = null, `discord` = null, `settings` = '{"settings":[{"value":"SNnMT4Op9SDIzTtUh4aXxK7N8gmVmSDetFShqRECdJavCN5AAiSeq3iHubwYIACF4fQI0v3UGH8W3XA6zKF8Efvf2Retw21v/oh4HmG66uyGAi/Dr/VfTX/ZyREB9MzLe74tdk3sCz92FiEdN7uTpA67FF3BYaaXnbMupyid/LYEh6jW0flJl0shp77amcJJu5mmZAH1zEVnEl/oRp1IHZ2P20AVrHGMZhstfDgJE1d4pgqswWx9sToMtU3XqcL1vuuueXx0jsNDQ3BsYei+KlPtgSgD7tGWljEjR7DCyMnsEdsQGJkwoMwN5E9dvAH+UEDLmDDus1deb6y1O+4nCn+3f4BiKBZhZ34yIh+gTC/ujLKf/Fk7TVbm5rNtn6lvrnOB8CAzYZ8VjEb8xcxDyBg75jK0+8CPbaTvHW4xX5DfUc/9QAhUQaMZE8G13Gb0ZOG2ayPhUa/60ri2tt43AIutcU5Jz2fMYsu0Ot5lNECz7BPqCAtHNUqCJarkP0p88VpwahJCtKaOC908JJI8T1pNbO5AXKHxFSY15KbZzMQ5QMUYaopAO+dVJvnXRxdTWF/ISzTS7Wj0ys+EmMvUcm9jV5KRRTd0757fsUFm7vi28eLVISMXUajIXlhF0ijeKp/In0yJP4tnGJPCSKO0KFl9+VX8TrYGmiyXg1tJwzU=:ZW5XFkXkehrzb1L1gKZtJWq/ekC2GGlCgqBDJlWDqKfbEvETpW5DgtzafFpkzTkt6Bk=","key":"encrypted"}],"version":0}' WHERE `id` = 1"
[08/24/2022 17:26:17]: [nLogin] The user Manteecora has successfully logged in.
[08/24/2022 18:09:29]: §3[nLogin] [DEBUG] [SQLite] [UPDATE]: "UPDATE `nlogin` SET `realname` = '2121', `uniqueId` = ad7958e476d937a884f48c67e317b595,  `premiumId` = null,  `premium` = -1,  `password` = '$SHA512$a580eb03557f4ff692b79621f37143265927fb12aafa79a2697f22d45b3bd6ad1a4d1951379c3060fbe69ab1c531a82001316bd103f2c9db31a64db85bf961d3$PPsdOPazgPeMYjSEvhtjazSw', `address` = '26.179.133.236', `regdate` = 2022-08-23 17:22:23.376, `lastlogin` = 2022-08-24 18:09:29.598, `email` = null, `twitter` = null, `discord` = null, `settings` = '{"settings":[{"value":"CgsMHR7ak01zJAQTpdCJ0eSPb5c2nyKNSG6ojHtMLUlDdGGTQVDz0B9A3OQhrUlP1SUSxHJOeHQ+61WzArzy6xI4SJbzpLYHfPO3z9VL0OXRValE7j8+cUD7PN0U5jPcpHzbRE6vLMUV3pkM7fioL7JmMzavNkVo9NdExyC3Nu1jt+8znZk3f18mGiI7ut7PWDH2EqRmTzLIgKA0H6g3HpSfgY/CrRgqAIsxF/vNyqkc5VgXdP1mDLiChE6X4bU6YorZK615aEsfNc8lbWB6qlHF4Hm3lcPSHqaTKm61xRkl/w9INRKfk8c1d7kO9aKCBBzlWyvQsuZchKr5LX0MknGehew82QH2ODRcySS4L4mU3uXkJrxoN8ZD9T8kzycI8SqqbNty6InqmZ8/YTM/3Tfx5McWDA9DIJkN+iHg0kHcGAIWSm1BOio32unh9aw1NInqchiUx27iC869+AknMQk+l006vkT9gz91NX6MwaOOTdNwxGfFELnbR9AWj6yAmOgzJYwWqRmADvnTj91d9n8Gp87iRxfC36n21jhXPpSjxNuZ353xwuRj+nYY7sqsGaLxZa8fp+8OGzQoqDbcmljpB0+PiZiS07bl6zk/NlNfNSuqmXHSg46s9PWjR9N3GaVMfxzgc3wzrhsPUzbzzc3EfJI5aTqAD0mNBT5nnpE=:9u86OR64OL05A7RjFelus/4+MysLzC4WuEmvy4fDh3qvxR9woSXeiO1ZbnJt0Wi20M9MMS/C","key":"encrypted"}],"version":0}' WHERE `id` = 3"
[08/24/2022 18:09:29]: [nLogin] The user 2121 has successfully logged in.
