[08/24/2022 16:36:46]:           __             _       
[08/24/2022 16:36:46]:   _ __   / /  ___   __ _(_)_ __  
[08/24/2022 16:36:46]:  | '_ \ / /  / _ \ / _` | | '_ \ 
[08/24/2022 16:36:46]:  | | | / /__| (_) | (_| | | | | |
[08/24/2022 16:36:46]:  |_| |_\____/\___/ \__, |_|_| |_|
[08/24/2022 16:36:46]:                   |___/            
[08/24/2022 16:36:46]:  By: www.nickuc.com - V 10.1.2 DEVELOPMENT
[08/24/2022 16:36:46]: 
[08/24/2022 16:36:46]: §3[nLogin] [DEBUG] Detecting hardware and software configurations...
[08/24/2022 16:36:46]: §3[nLogin] [DEBUG] All settings were loaded in 147 ms.
[08/24/2022 16:36:46]: §3[nLogin] [DEBUG] Loading the messages_ru.yml message file...
[08/24/2022 16:36:46]: §3[nLogin] [DEBUG] All plugin messages were loaded in 40 ms (languageByClient=false).
[08/24/2022 16:36:46]: §3[nLogin] [DEBUG] All proxy settings were loaded in 1 ms.
[08/24/2022 16:36:46]: §3[nLogin] [DEBUG] Starting logger filter...
[08/24/2022 16:36:46]: §3[nLogin] [DEBUG] Loading database...
[08/24/2022 16:36:47]: [nLogin] nLogin was loaded in 911ms.
[08/24/2022 16:42:47]: [nLogin] Successful plugin core shutdown (took 0.00s)
[08/24/2022 16:42:47]: [nLogin] 
[08/24/2022 16:42:47]: [nLogin] Shutting down nLogin V 10.1.2...
[08/24/2022 16:42:47]: [nLogin] 
[08/24/2022 16:42:47]: [nLogin] nLogin was unloaded in 3ms.
