[08/23/2022 14:03:08]:           __             _       
[08/23/2022 14:03:08]:   _ __   / /  ___   __ _(_)_ __  
[08/23/2022 14:03:08]:  | '_ \ / /  / _ \ / _` | | '_ \ 
[08/23/2022 14:03:08]:  | | | / /__| (_) | (_| | | | | |
[08/23/2022 14:03:08]:  |_| |_\____/\___/ \__, |_|_| |_|
[08/23/2022 14:03:08]:                   |___/            
[08/23/2022 14:03:08]:  By: www.nickuc.com - V 10.1.2 DEVELOPMENT
[08/23/2022 14:03:08]: 
[08/23/2022 14:03:08]: §3[nLogin] [DEBUG] Detecting hardware and software configurations...
[08/23/2022 14:03:09]: §3[nLogin] [DEBUG] All settings were loaded in 219 ms.
[08/23/2022 14:03:09]: §3[nLogin] [DEBUG] Loading the messages_ru.yml message file...
[08/23/2022 14:03:09]: §3[nLogin] [DEBUG] All plugin messages were loaded in 48 ms (languageByClient=false).
[08/23/2022 14:03:09]: §3[nLogin] [DEBUG] All proxy settings were loaded in 1 ms.
[08/23/2022 14:03:09]: §3[nLogin] [DEBUG] Starting logger filter...
[08/23/2022 14:03:09]: §3[nLogin] [DEBUG] Loading database...
[08/23/2022 14:03:10]: [nLogin] nLogin was loaded in 1606ms.
[08/23/2022 14:04:07]: §3[nLogin] [DEBUG] [SQLite] [UPDATE]: "UPDATE `nlogin` SET `realname` = 'Manteecora', `uniqueId` = 3d5adfead97337c0bcdca42c34be5b7b,  `premiumId` = null,  `premium` = -1,  `password` = '$SHA512$fc71505f221d92b1b5383dffc50f087f56acba170a479b8fef0fd7ef5e65c5df78c3a2001771012ef225680d1aea4ff8fa87893cd7213b41220aade5002734d3$BJeFXCcIRWOcTXXDgHzdRMpf', `address` = '127.0.0.1', `regdate` = 2022-08-22 18:07:02.284, `lastlogin` = 2022-08-23 14:04:07.155, `email` = null, `twitter` = null, `discord` = null, `settings` = '{"settings":[{"value":"SNnMT4Op9SDIzTtUh4aXxK7N8gmVmSDetFShqRECdJavCN5AAiSeq3iHubwYIACF4fQI0v3UGH8W3XA6zKF8Efvf2Retw21v/oh4HmG66uyGAi/Dr/VfTX/ZyREB9MzLe74tdk3sCz92FiEdN7uTpA67FF3BYaaXnbMupyid/LYEh6jW0flJl0shp77amcJJu5mmZAH1zEVnEl/oRp1IHZ2P20AVrHGMZhstfDgJE1d4pgqswWx9sToMtU3XqcL1vuuueXx0jsNDQ3BsYei+KlPtgSgD7tGWljEjR7DCyMnsEdsQGJkwoMwN5E9dvAH+UEDLmDDus1deb6y1O+4nCn+3f4BiKBZhZ34yIh+gTC/ujLKf/Fk7TVbm5rNtn6lvrnOB8CAzYZ8VjEb8xcxDyBg75jK0+8CPbaTvHW4xX5DfUc/9QAhUQaMZE8G13Gb0ZOG2ayPhUa/60ri2tt43AIutcU5Jz2fMYsu0Ot5lNECz7BPqCAtHNUqCJarkP0p88VpwahJCtKaOC908JJI8T1pNbO5AXKHxFSY15KbZzMQ5QMUYaopAO+dVJvnXRxdTWF/ISzTS7Wj0ys+EmMvUcm9jV5KRRTd0757fsUFm7vi28eLVISMXUajIXlhF0ijeKp/In0yJP4tnGJPCSKO0KFl9+VX8TrYGmiyXg1tJwzU=:ZW5XFkXkehrzb1L1gKZtJWq/ekC2GGlCgqBDJlWDqKfbEvETpW5DgtzafFpkzTkt6Bk=","key":"encrypted"}],"version":0}' WHERE `id` = 1"
[08/23/2022 14:04:07]: [nLogin] The user Manteecora has successfully logged in.
[08/23/2022 14:07:10]: §3[nLogin] [DEBUG] [SQLite] [UPDATE]: "UPDATE `nlogin` SET `realname` = 'mmmmma', `uniqueId` = dab13737677235b39a47b1e3bece8a3a,  `premiumId` = null,  `premium` = -1,  `password` = '$SHA512$e715b9718c8bdd10d2d7544c3425e366876d0c9a06d0f1d6bb0ca984ae14faa66cbe3b8eb0fe9a9ff6103caf93d05f4564ee4a472fdfa78dfa48a72895b3b231$HeUaluxoIMKXuuOZwSVlcGst', `address` = '127.0.0.1', `regdate` = 2022-08-22 22:36:53.875, `lastlogin` = 2022-08-23 14:07:10.444, `email` = null, `twitter` = null, `discord` = null, `settings` = '{"settings":[{"value":"ee7mQIRo0sEircKqzy1PC1wzzyLIUy1Iz25BZOX04fKkACra3zFFOmUCzMmGRf9j+mE6SZZdL00Mi9cuFus3xgoeX5HmvWVJFdG50lj7Sw3DSrLLSQSBPuZ5F429a5KbQB+dzNAAIhbAtXfht8Rtq6IE1E7A1owLqfJT5coRzS68ycnuwsCiLcO7v0oflptrlnn39IXK27l4DJSbgPNPjHNtKJm0uPlQtXEns9njqw6lkCrBxiJRGVbowbuBfdS+5XLvtTIVAQwF3+cAIxqPjNpPfGnc/FqGT45GZ57tLISJPgUm1gH4KsRn+8h4x7So67+KPT/WuN3Fy0lmNJTe5IBMChtvz/4TWO3RN4kK4DXZS10rexYXmVCzUOT8nn5hIxyUcvFJ7fg1C35Z5ft/dgARJt2J/oyBvzDy9nPwAuapdaLQ/4n83rI2ytbVYcKJIBzKFnVrnAjMJc74rr6G91JHO4p0XdIsHz0J04VGjmtntsyhRKr7Xz+o+5LmmJe5yL1dOI8mi+X3c9P7VXgEZO2vK6XOHSA9/FJN9gZ6IPEEXGktzPMk3bg+KXL4xj6Z4i3sCRlYaD/jJRM8Lfhio4zYokHw4F2EQt910lh00ojBdTDC4DIr9EcBvfuJnjLAlqyaVz+M5WYUPxoau1NliG+fFPPINSkizC+faFKFkaU=:lDDeGOVW3XxuoBf31qeG521rlMSV0xGKjE1loEVg32zdqwPivLQOYmWe18bBAMo8JMQ=","key":"encrypted"}],"version":0}' WHERE `id` = 2"
[08/23/2022 14:07:10]: [nLogin] The user mmmmma has successfully logged in.
